+----+----+----+----+----+----+----+----+
|    |  4 |  4 |  4 |  4 |  4 |  4 |    |
|  0 +----+----+----+----+----+----+  0 |
|    |  4 |  4 |  4 |  4 |  4 |  4 |    |
+----+----+----+----+----+----+----+----+

------------0--------------
Player 0's move.
Player 0 selects 4 stones from bin 5
+----+----+----+----+----+----+----+----+
|    |  5 |  5 |  5 |  5 |  0 |  4 |    |
|  0 +----+----+----+----+----+----+  0 |
|    |  4 |  4 |  4 |  4 |  4 |  4 |    |
+----+----+----+----+----+----+----+----+




--------------------------



------------1--------------
Player 1's move.
Player 1 selects 4 stones from bin 6
+----+----+----+----+----+----+----+----+
|    |  5 |  5 |  5 |  5 |  0 |  4 |    |
|  0 +----+----+----+----+----+----+  0 |
|    |  0 |  5 |  5 |  5 |  5 |  4 |    |
+----+----+----+----+----+----+----+----+




--------------------------



------------2--------------
Player 0's move.
Player 0 selects 4 stones from bin 6
+----+----+----+----+----+----+----+----+
|    |  5 |  6 |  6 |  6 |  1 |  0 |    |
|  0 +----+----+----+----+----+----+  0 |
|    |  0 |  5 |  5 |  5 |  5 |  4 |    |
+----+----+----+----+----+----+----+----+




--------------------------



------------3--------------
Player 1's move.
Player 1 selects 5 stones from bin 5
+----+----+----+----+----+----+----+----+
|    |  5 |  6 |  6 |  6 |  1 |  0 |    |
|  0 +----+----+----+----+----+----+  1 |
|    |  0 |  0 |  6 |  6 |  6 |  5 |    |
+----+----+----+----+----+----+----+----+




--------------------------



------------4--------------
Player 1's move.
Player 1 selects 6 stones from bin 4
+----+----+----+----+----+----+----+----+
|    |  5 |  6 |  6 |  6 |  2 |  1 |    |
|  0 +----+----+----+----+----+----+  2 |
|    |  0 |  0 |  0 |  7 |  7 |  6 |    |
+----+----+----+----+----+----+----+----+




--------------------------



------------5--------------
Player 0's move.
Player 0 selects 2 stones from bin 5
+----+----+----+----+----+----+----+----+
|    |  5 |  6 |  7 |  7 |  0 |  1 |    |
|  0 +----+----+----+----+----+----+  2 |
|    |  0 |  0 |  0 |  7 |  7 |  6 |    |
+----+----+----+----+----+----+----+----+




--------------------------



------------6--------------
Player 1's move.
Player 1 selects 7 stones from bin 2
+----+----+----+----+----+----+----+----+
|    |  5 |  7 |  8 |  8 |  1 |  2 |    |
|  0 +----+----+----+----+----+----+  3 |
|    |  0 |  0 |  0 |  7 |  0 |  7 |    |
+----+----+----+----+----+----+----+----+




--------------------------



------------7--------------
Player 0's move.
Player 0 selects 1 stones from bin 5
+----+----+----+----+----+----+----+----+
|    |  5 |  7 |  8 |  9 |  0 |  2 |    |
|  0 +----+----+----+----+----+----+  3 |
|    |  0 |  0 |  0 |  7 |  0 |  7 |    |
+----+----+----+----+----+----+----+----+




--------------------------



------------8--------------
Player 1's move.
Player 1 selects 7 stones from bin 3
+----+----+----+----+----+----+----+----+
|    |  5 |  7 |  9 | 10 |  1 |  3 |    |
|  0 +----+----+----+----+----+----+  4 |
|    |  0 |  0 |  0 |  0 |  1 |  8 |    |
+----+----+----+----+----+----+----+----+




--------------------------



------------9--------------
Player 0's move.
Player 0 selects 3 stones from bin 6
+----+----+----+----+----+----+----+----+
|    |  5 |  7 | 10 | 11 |  2 |  0 |    |
|  0 +----+----+----+----+----+----+  4 |
|    |  0 |  0 |  0 |  0 |  1 |  8 |    |
+----+----+----+----+----+----+----+----+




--------------------------



------------10--------------
Player 1's move.
Player 1 selects 1 stones from bin 2
+----+----+----+----+----+----+----+----+
|    |  5 |  7 | 10 | 11 |  2 |  0 |    |
|  0 +----+----+----+----+----+----+  4 |
|    |  0 |  0 |  0 |  0 |  0 |  9 |    |
+----+----+----+----+----+----+----+----+




--------------------------



------------11--------------
Player 0's move.
Player 0 selects 2 stones from bin 5
+----+----+----+----+----+----+----+----+
|    |  5 |  7 | 11 | 12 |  0 |  0 |    |
|  0 +----+----+----+----+----+----+  4 |
|    |  0 |  0 |  0 |  0 |  0 |  9 |    |
+----+----+----+----+----+----+----+----+




--------------------------



------------12--------------
Player 1's move.
Player 1 selects 9 stones from bin 1
+----+----+----+----+----+----+----+----+
|    |  6 |  0 | 12 | 13 |  1 |  1 |    |
|  0 +----+----+----+----+----+----+ 14 |
|    |  1 |  0 |  0 |  0 |  0 |  0 |    |
+----+----+----+----+----+----+----+----+




--------------------------



------------13--------------
Player 0's move.
Player 0 selects 1 stones from bin 6
+----+----+----+----+----+----+----+----+
|    |  6 |  0 | 12 | 13 |  2 |  0 |    |
|  0 +----+----+----+----+----+----+ 14 |
|    |  1 |  0 |  0 |  0 |  0 |  0 |    |
+----+----+----+----+----+----+----+----+




--------------------------



------------14--------------
Player 1's move.
Player 1 selects 1 stones from bin 6
+----+----+----+----+----+----+----+----+
|    |  6 |  0 | 12 | 13 |  2 |  0 |    |
|  0 +----+----+----+----+----+----+ 15 |
|    |  0 |  0 |  0 |  0 |  0 |  0 |    |
+----+----+----+----+----+----+----+----+




--------------------------



------------15--------------
Player 0's move.
Player 0 selects 0 stones from bin 1
+----+----+----+----+----+----+----+----+
|    |  0 |  0 |  0 |  0 |  0 |  0 |    |
| 33 +----+----+----+----+----+----+ 15 |
|    |  0 |  0 |  0 |  0 |  0 |  0 |    |
+----+----+----+----+----+----+----+----+




--------------------------



Final board configuration:

+----+----+----+----+----+----+----+----+
|    |  0 |  0 |  0 |  0 |  0 |  0 |    |
| 33 +----+----+----+----+----+----+ 15 |
|    |  0 |  0 |  0 |  0 |  0 |  0 |    |
+----+----+----+----+----+----+----+----+

Player0 wins!
